

***********************************************************************
Fatal NI connect error 12514, connecting to:
 (DESCRIPTION=(ADDRESS=(PROTOCOL=TCP)(HOST=192.168.0.214)(PORT=1521))(CONNECT_DATA=(SERVER=DEDICATED)(SERVICE_NAME=XE)(CID=(PROGRAM=C:\Users\viftech\Documents\My Received Files\SAAD-BIN-IRSHAD\RfReader_demo\RfReader_demo\RfReader_demo\bin\Debug\RfReader_demo.vshost.exe)(HOST=RIAZ)(USER=R?Hussain))))

  VERSION INFORMATION:
	TNS for 32-bit Windows: Version 9.0.1.1.0 - Production
	Windows NT TCP/IP NT Protocol Adapter for 32-bit Windows: Version 9.0.1.1.0 - Production
  Time: 01-OCT-2019 13:15:42
  Tracing not turned on.
  Tns error struct:
    nr err code: 0
    ns main err code: 12564
    TNS-12564: TNS:connection refused
    ns secondary err code: 0
    nt main err code: 0
    nt secondary err code: 0
    nt OS err code: 0


***********************************************************************
Fatal NI connect error 6413, connecting to:
 (DESCRIPTION=(ADDRESS=(PROTOCOL=TCP)(HOST=192.168.0.214)(PORT=1521))(CONNECT_DATA=(SERVER=DEDICATED)(SERVICE_NAME=ORCL)(CID=(PROGRAM=F:\Saad Bin Irshad\From Riaz Bhai\rhussain\RfReader_demo (01-Oct-2019)\RfReader_demo\RfReader_demo\RfReader_demo\bin\Debug\RfReader_demo.vshost.exe)(HOST=SAAD-BIN-IRSHAD)(USER=Saad))))

  VERSION INFORMATION:
	TNS for 32-bit Windows: Version 9.0.1.1.0 - Production
  Time: 01-OCT-2019 19:47:55
  Tracing not turned on.


***********************************************************************
Fatal NI connect error 6413, connecting to:
 (DESCRIPTION=(ADDRESS=(PROTOCOL=TCP)(HOST=192.168.0.214)(PORT=1521))(CONNECT_DATA=(SERVER=DEDICATED)(SERVICE_NAME=ORCL)(CID=(PROGRAM=F:\Saad Bin Irshad\From Riaz Bhai\rhussain\RfReader_demo (01-Oct-2019)\RfReader_demo\RfReader_demo\RfReader_demo\bin\Debug\RfReader_demo.vshost.exe)(HOST=SAAD-BIN-IRSHAD)(USER=Saad))))

  VERSION INFORMATION:
	TNS for 32-bit Windows: Version 9.0.1.1.0 - Production
  Time: 01-OCT-2019 19:52:29
  Tracing not turned on.


***********************************************************************
Fatal NI connect error 6413, connecting to:
 (DESCRIPTION=(ADDRESS=(PROTOCOL=TCP)(HOST=192.168.0.214)(PORT=1521))(CONNECT_DATA=(SERVER=DEDICATED)(SERVICE_NAME=ORCL)(CID=(PROGRAM=F:\Saad Bin Irshad\From Riaz Bhai\rhussain\RfReader_demo (01-Oct-2019)\RfReader_demo\RfReader_demo\RfReader_demo\bin\Debug\RfReader_demo.vshost.exe)(HOST=SAAD-BIN-IRSHAD)(USER=Saad))))

  VERSION INFORMATION:
	TNS for 32-bit Windows: Version 9.0.1.1.0 - Production
  Time: 01-OCT-2019 20:04:48
  Tracing not turned on.


***********************************************************************
Fatal NI connect error 6413, connecting to:
 (DESCRIPTION=(ADDRESS=(PROTOCOL=TCP)(HOST=192.168.0.214)(PORT=1521))(CONNECT_DATA=(SERVER=DEDICATED)(SERVICE_NAME=ORCL)(CID=(PROGRAM=F:\Saad Bin Irshad\From Riaz Bhai\rhussain\RfReader_demo (01-Oct-2019)\RfReader_demo\RfReader_demo\RfReader_demo\bin\Debug\RfReader_demo.vshost.exe)(HOST=SAAD-BIN-IRSHAD)(USER=Saad))))

  VERSION INFORMATION:
	TNS for 32-bit Windows: Version 9.0.1.1.0 - Production
  Time: 01-OCT-2019 20:05:24
  Tracing not turned on.


***********************************************************************
Fatal NI connect error 6413, connecting to:
 (DESCRIPTION=(ADDRESS=(PROTOCOL=TCP)(HOST=192.168.0.214)(PORT=1521))(CONNECT_DATA=(SERVER=DEDICATED)(SERVICE_NAME=ORCL)(CID=(PROGRAM=F:\Saad Bin Irshad\From Riaz Bhai\rhussain\RfReader_demo (01-Oct-2019)\RfReader_demo\RfReader_demo\RfReader_demo\bin\Debug\RfReader_demo.vshost.exe)(HOST=SAAD-BIN-IRSHAD)(USER=Saad))))

  VERSION INFORMATION:
	TNS for 32-bit Windows: Version 9.0.1.1.0 - Production
  Time: 01-OCT-2019 20:07:13
  Tracing not turned on.


***********************************************************************
Fatal NI connect error 6413, connecting to:
 (DESCRIPTION=(ADDRESS=(PROTOCOL=TCP)(HOST=192.168.0.214)(PORT=1521))(CONNECT_DATA=(SERVER=DEDICATED)(SERVICE_NAME=ORCL)(CID=(PROGRAM=F:\Saad Bin Irshad\From Riaz Bhai\rhussain\RfReader_demo (01-Oct-2019)\RfReader_demo\RfReader_demo\RfReader_demo\bin\Debug\RfReader_demo.vshost.exe)(HOST=SAAD-BIN-IRSHAD)(USER=Saad))))

  VERSION INFORMATION:
	TNS for 32-bit Windows: Version 9.0.1.1.0 - Production
  Time: 01-OCT-2019 20:08:15
  Tracing not turned on.


***********************************************************************
Fatal NI connect error 6413, connecting to:
 (DESCRIPTION=(ADDRESS=(PROTOCOL=TCP)(HOST=192.168.0.214)(PORT=1521))(CONNECT_DATA=(SERVER=DEDICATED)(SERVICE_NAME=ORCL)(CID=(PROGRAM=F:\Saad Bin Irshad\From Riaz Bhai\rhussain\RfReader_demo (01-Oct-2019)\RfReader_demo\RfReader_demo\RfReader_demo\bin\Debug\RfReader_demo.vshost.exe)(HOST=SAAD-BIN-IRSHAD)(USER=Saad))))

  VERSION INFORMATION:
	TNS for 32-bit Windows: Version 9.0.1.1.0 - Production
  Time: 01-OCT-2019 20:08:51
  Tracing not turned on.


***********************************************************************
Fatal NI connect error 6413, connecting to:
 (DESCRIPTION=(ADDRESS=(PROTOCOL=TCP)(HOST=192.168.0.214)(PORT=1521))(CONNECT_DATA=(SERVER=DEDICATED)(SERVICE_NAME=ORCL)(CID=(PROGRAM=F:\Saad Bin Irshad\From Riaz Bhai\rhussain\RfReader_demo (01-Oct-2019)\RfReader_demo\RfReader_demo\RfReader_demo\bin\Debug\RfReader_demo.vshost.exe)(HOST=SAAD-BIN-IRSHAD)(USER=Saad))))

  VERSION INFORMATION:
	TNS for 32-bit Windows: Version 9.0.1.1.0 - Production
  Time: 01-OCT-2019 20:10:08
  Tracing not turned on.


***********************************************************************
Fatal NI connect error 6413, connecting to:
 (DESCRIPTION=(ADDRESS=(PROTOCOL=TCP)(HOST=192.168.0.214)(PORT=1521))(CONNECT_DATA=(SERVER=DEDICATED)(SERVICE_NAME=ORCL)(CID=(PROGRAM=F:\Saad Bin Irshad\From Riaz Bhai\rhussain\RfReader_demo (01-Oct-2019)\RfReader_demo\RfReader_demo\RfReader_demo\bin\Debug\RfReader_demo.vshost.exe)(HOST=SAAD-BIN-IRSHAD)(USER=Saad))))

  VERSION INFORMATION:
	TNS for 32-bit Windows: Version 9.0.1.1.0 - Production
  Time: 01-OCT-2019 20:14:44
  Tracing not turned on.


***********************************************************************
Fatal NI connect error 6413, connecting to:
 (DESCRIPTION=(ADDRESS=(PROTOCOL=TCP)(HOST=192.168.0.214)(PORT=1521))(CONNECT_DATA=(SERVER=DEDICATED)(SERVICE_NAME=ORCL)(CID=(PROGRAM=F:\Saad Bin Irshad\From Riaz Bhai\rhussain\RfReader_demo (01-Oct-2019)\RfReader_demo\RfReader_demo\RfReader_demo\bin\Debug\RfReader_demo.vshost.exe)(HOST=SAAD-BIN-IRSHAD)(USER=Saad))))

  VERSION INFORMATION:
	TNS for 32-bit Windows: Version 9.0.1.1.0 - Production
  Time: 01-OCT-2019 20:16:19
  Tracing not turned on.


***********************************************************************
Fatal NI connect error 6413, connecting to:
 (DESCRIPTION=(ADDRESS=(PROTOCOL=TCP)(HOST=192.168.0.214)(PORT=1521))(CONNECT_DATA=(SERVER=DEDICATED)(SERVICE_NAME=ORCL)(CID=(PROGRAM=F:\Saad Bin Irshad\From Riaz Bhai\rhussain\RfReader_demo (01-Oct-2019)\RfReader_demo\RfReader_demo\RfReader_demo\bin\Debug\RfReader_demo.vshost.exe)(HOST=SAAD-BIN-IRSHAD)(USER=Saad))))

  VERSION INFORMATION:
	TNS for 32-bit Windows: Version 9.0.1.1.0 - Production
  Time: 01-OCT-2019 20:17:23
  Tracing not turned on.


***********************************************************************
Fatal NI connect error 6413, connecting to:
 (DESCRIPTION=(ADDRESS=(PROTOCOL=TCP)(HOST=192.168.0.214)(PORT=1521))(CONNECT_DATA=(SERVER=DEDICATED)(SERVICE_NAME=ORCL)(CID=(PROGRAM=F:\Saad Bin Irshad\From Riaz Bhai\rhussain\RfReader_demo (01-Oct-2019)\RfReader_demo\RfReader_demo\RfReader_demo\bin\Debug\RfReader_demo.vshost.exe)(HOST=SAAD-BIN-IRSHAD)(USER=Saad))))

  VERSION INFORMATION:
	TNS for 32-bit Windows: Version 9.0.1.1.0 - Production
  Time: 01-OCT-2019 20:19:44
  Tracing not turned on.


***********************************************************************
Fatal NI connect error 6413, connecting to:
 (DESCRIPTION=(ADDRESS=(PROTOCOL=TCP)(HOST=192.168.0.214)(PORT=1521))(CONNECT_DATA=(SERVER=DEDICATED)(SERVICE_NAME=ORCL)(CID=(PROGRAM=F:\Saad Bin Irshad\From Riaz Bhai\rhussain\RfReader_demo (01-Oct-2019)\RfReader_demo\RfReader_demo\RfReader_demo\bin\Debug\RfReader_demo.vshost.exe)(HOST=SAAD-BIN-IRSHAD)(USER=Saad))))

  VERSION INFORMATION:
	TNS for 32-bit Windows: Version 9.0.1.1.0 - Production
  Time: 01-OCT-2019 20:28:37
  Tracing not turned on.


***********************************************************************
Fatal NI connect error 6413, connecting to:
 (DESCRIPTION=(ADDRESS=(PROTOCOL=TCP)(HOST=192.168.0.214)(PORT=1521))(CONNECT_DATA=(SERVER=DEDICATED)(SERVICE_NAME=ORCL)(CID=(PROGRAM=F:\Saad Bin Irshad\From Riaz Bhai\rhussain\RfReader_demo (01-Oct-2019)\RfReader_demo\RfReader_demo\RfReader_demo\bin\Debug\RfReader_demo.vshost.exe)(HOST=SAAD-BIN-IRSHAD)(USER=Saad))))

  VERSION INFORMATION:
	TNS for 32-bit Windows: Version 9.0.1.1.0 - Production
  Time: 01-OCT-2019 20:39:54
  Tracing not turned on.


***********************************************************************
Fatal NI connect error 6413, connecting to:
 (DESCRIPTION=(ADDRESS=(PROTOCOL=TCP)(HOST=192.168.0.214)(PORT=1521))(CONNECT_DATA=(SERVER=DEDICATED)(SERVICE_NAME=ORCL)(CID=(PROGRAM=F:\Saad Bin Irshad\From Riaz Bhai\rhussain\RfReader_demo (01-Oct-2019)\RfReader_demo\RfReader_demo\RfReader_demo\bin\Debug\RfReader_demo.vshost.exe)(HOST=SAAD-BIN-IRSHAD)(USER=Saad))))

  VERSION INFORMATION:
	TNS for 32-bit Windows: Version 9.0.1.1.0 - Production
  Time: 01-OCT-2019 20:47:33
  Tracing not turned on.


***********************************************************************
Fatal NI connect error 6413, connecting to:
 (DESCRIPTION=(ADDRESS=(PROTOCOL=TCP)(HOST=192.168.0.214)(PORT=1521))(CONNECT_DATA=(SERVER=DEDICATED)(SERVICE_NAME=ORCL)(CID=(PROGRAM=F:\Saad Bin Irshad\From Riaz Bhai\rhussain\RfReader_demo (01-Oct-2019)\RfReader_demo\RfReader_demo\RfReader_demo\bin\Debug\RfReader_demo.vshost.exe)(HOST=SAAD-BIN-IRSHAD)(USER=Saad))))

  VERSION INFORMATION:
	TNS for 32-bit Windows: Version 9.0.1.1.0 - Production
  Time: 01-OCT-2019 20:49:06
  Tracing not turned on.


***********************************************************************
Fatal NI connect error 6413, connecting to:
 (DESCRIPTION=(ADDRESS=(PROTOCOL=TCP)(HOST=192.168.0.214)(PORT=1521))(CONNECT_DATA=(SERVER=DEDICATED)(SERVICE_NAME=ORCL)(CID=(PROGRAM=F:\Saad Bin Irshad\From Riaz Bhai\rhussain\RfReader_demo (01-Oct-2019)\RfReader_demo\RfReader_demo\RfReader_demo\bin\Debug\RfReader_demo.exe)(HOST=SAAD-BIN-IRSHAD)(USER=Saad))))

  VERSION INFORMATION:
	TNS for 32-bit Windows: Version 9.0.1.1.0 - Production
  Time: 01-OCT-2019 21:03:59
  Tracing not turned on.


***********************************************************************
Fatal NI connect error 6413, connecting to:
 (DESCRIPTION=(ADDRESS=(PROTOCOL=TCP)(HOST=192.168.0.214)(PORT=1521))(CONNECT_DATA=(SERVER=DEDICATED)(SERVICE_NAME=ORCL)(CID=(PROGRAM=F:\Saad Bin Irshad\From Riaz Bhai\rhussain\RfReader_demo (01-Oct-2019)\RfReader_demo\RfReader_demo\RfReader_demo\bin\Debug\RfReader_demo.exe)(HOST=SAAD-BIN-IRSHAD)(USER=Saad))))

  VERSION INFORMATION:
	TNS for 32-bit Windows: Version 9.0.1.1.0 - Production
  Time: 01-OCT-2019 21:04:34
  Tracing not turned on.


***********************************************************************
Fatal NI connect error 6413, connecting to:
 (DESCRIPTION=(ADDRESS=(PROTOCOL=TCP)(HOST=192.168.0.214)(PORT=1521))(CONNECT_DATA=(SERVER=DEDICATED)(SERVICE_NAME=ORCL)(CID=(PROGRAM=F:\Saad Bin Irshad\From Riaz Bhai\rhussain\RfReader_demo (01-Oct-2019)\RfReader_demo\RfReader_demo\RfReader_demo\bin\Debug\RfReader_demo.vshost.exe)(HOST=SAAD-BIN-IRSHAD)(USER=Saad))))

  VERSION INFORMATION:
	TNS for 32-bit Windows: Version 9.0.1.1.0 - Production
  Time: 01-OCT-2019 21:11:05
  Tracing not turned on.


***********************************************************************
Fatal NI connect error 6413, connecting to:
 (DESCRIPTION=(ADDRESS=(PROTOCOL=TCP)(HOST=192.168.0.214)(PORT=1521))(CONNECT_DATA=(SERVER=DEDICATED)(SERVICE_NAME=ORCL)(CID=(PROGRAM=F:\Saad Bin Irshad\From Riaz Bhai\rhussain\RfReader_demo (01-Oct-2019)\RfReader_demo\RfReader_demo\RfReader_demo\bin\Debug\RfReader_demo.vshost.exe)(HOST=SAAD-BIN-IRSHAD)(USER=Saad))))

  VERSION INFORMATION:
	TNS for 32-bit Windows: Version 9.0.1.1.0 - Production
  Time: 01-OCT-2019 21:15:15
  Tracing not turned on.


***********************************************************************
Fatal NI connect error 12535, connecting to:
 (DESCRIPTION=(ADDRESS=(PROTOCOL=TCP)(HOST=192.168.12.14)(PORT=54187))(CONNECT_DATA=(SERVER=DEDICATED)(SERVICE_NAME=ORCL)(CID=(PROGRAM=F:\Saad Bin Irshad\Project\RfReader_Demo New\RF Reader\RfReader_demo\RfReader_demo\bin\Debug\RfReader_demo.vshost.exe)(HOST=SAAD-BIN-IRSHAD)(USER=Saad))))

  VERSION INFORMATION:
	TNS for 32-bit Windows: Version 9.0.1.1.0 - Production
	Windows NT TCP/IP NT Protocol Adapter for 32-bit Windows: Version 9.0.1.1.0 - Production
  Time: 02-OCT-2019 11:53:26
  Tracing not turned on.
  Tns error struct:
    nr err code: 0
    ns main err code: 12535
    TNS-12535: TNS:operation timed out
    ns secondary err code: 12560
    nt main err code: 505
    TNS-00505: Operation timed out
    nt secondary err code: 60
    nt OS err code: 0


***********************************************************************
Fatal NI connect error 12535, connecting to:
 (DESCRIPTION=(ADDRESS=(PROTOCOL=TCP)(HOST=192.168.12.14)(PORT=54187))(CONNECT_DATA=(SERVER=DEDICATED)(SERVICE_NAME=ORCL)(CID=(PROGRAM=F:\Saad Bin Irshad\Project\RfReader_Demo New\RF Reader\RfReader_demo\RfReader_demo\bin\Debug\RfReader_demo.vshost.exe)(HOST=SAAD-BIN-IRSHAD)(USER=Saad))))

  VERSION INFORMATION:
	TNS for 32-bit Windows: Version 9.0.1.1.0 - Production
	Windows NT TCP/IP NT Protocol Adapter for 32-bit Windows: Version 9.0.1.1.0 - Production
  Time: 02-OCT-2019 11:55:27
  Tracing not turned on.
  Tns error struct:
    nr err code: 0
    ns main err code: 12535
    TNS-12535: TNS:operation timed out
    ns secondary err code: 12560
    nt main err code: 505
    TNS-00505: Operation timed out
    nt secondary err code: 60
    nt OS err code: 0


***********************************************************************
Fatal NI connect error 12535, connecting to:
 (DESCRIPTION=(ADDRESS=(PROTOCOL=TCP)(HOST=192.168.12.14)(PORT=54187))(CONNECT_DATA=(SERVER=DEDICATED)(SERVICE_NAME=ORCL)(CID=(PROGRAM=F:\Saad Bin Irshad\Project\RfReader_Demo New\RF Reader\RfReader_demo\RfReader_demo\bin\Debug\RfReader_demo.vshost.exe)(HOST=SAAD-BIN-IRSHAD)(USER=Saad))))

  VERSION INFORMATION:
	TNS for 32-bit Windows: Version 9.0.1.1.0 - Production
	Windows NT TCP/IP NT Protocol Adapter for 32-bit Windows: Version 9.0.1.1.0 - Production
  Time: 02-OCT-2019 11:56:23
  Tracing not turned on.
  Tns error struct:
    nr err code: 0
    ns main err code: 12535
    TNS-12535: TNS:operation timed out
    ns secondary err code: 12560
    nt main err code: 505
    TNS-00505: Operation timed out
    nt secondary err code: 60
    nt OS err code: 0


***********************************************************************
Fatal NI connect error 12535, connecting to:
 (DESCRIPTION=(ADDRESS=(PROTOCOL=TCP)(HOST=192.168.12.14)(PORT=54187))(CONNECT_DATA=(SERVER=DEDICATED)(SERVICE_NAME=ORCL)(CID=(PROGRAM=F:\Saad Bin Irshad\Project\RfReader_Demo New\RF Reader\RfReader_demo\RfReader_demo\bin\Debug\RfReader_demo.vshost.exe)(HOST=SAAD-BIN-IRSHAD)(USER=Saad))))

  VERSION INFORMATION:
	TNS for 32-bit Windows: Version 9.0.1.1.0 - Production
	Windows NT TCP/IP NT Protocol Adapter for 32-bit Windows: Version 9.0.1.1.0 - Production
  Time: 02-OCT-2019 11:59:20
  Tracing not turned on.
  Tns error struct:
    nr err code: 0
    ns main err code: 12535
    TNS-12535: TNS:operation timed out
    ns secondary err code: 12560
    nt main err code: 505
    TNS-00505: Operation timed out
    nt secondary err code: 60
    nt OS err code: 0


***********************************************************************
Fatal NI connect error 12535, connecting to:
 (DESCRIPTION=(ADDRESS=(PROTOCOL=TCP)(HOST=192.168.12.14)(PORT=54187))(CONNECT_DATA=(SERVER=DEDICATED)(SERVICE_NAME=ORCL)(CID=(PROGRAM=F:\Saad Bin Irshad\Project\RfReader_Demo New\RF Reader\RfReader_demo\RfReader_demo\bin\Debug\RfReader_demo.vshost.exe)(HOST=SAAD-BIN-IRSHAD)(USER=Saad))))

  VERSION INFORMATION:
	TNS for 32-bit Windows: Version 9.0.1.1.0 - Production
	Windows NT TCP/IP NT Protocol Adapter for 32-bit Windows: Version 9.0.1.1.0 - Production
  Time: 02-OCT-2019 12:00:21
  Tracing not turned on.
  Tns error struct:
    nr err code: 0
    ns main err code: 12535
    TNS-12535: TNS:operation timed out
    ns secondary err code: 12560
    nt main err code: 505
    TNS-00505: Operation timed out
    nt secondary err code: 60
    nt OS err code: 0


***********************************************************************
Fatal NI connect error 12545, connecting to:
 (DESCRIPTION=(ADDRESS=(PROTOCOL=TCP)(HOST=192.168.214)(PORT=1521))(CONNECT_DATA=(SERVER=DEDICATED)(SERVICE_NAME=ORCL)(CID=(PROGRAM=F:\Saad Bin Irshad\Project\RfReader_Demo New\RF Reader\RfReader_demo\RfReader_demo\bin\Debug\RfReader_demo.vshost.exe)(HOST=SAAD-BIN-IRSHAD)(USER=Saad))))

  VERSION INFORMATION:
	TNS for 32-bit Windows: Version 9.0.1.1.0 - Production
	Windows NT TCP/IP NT Protocol Adapter for 32-bit Windows: Version 9.0.1.1.0 - Production
  Time: 03-OCT-2019 18:53:31
  Tracing not turned on.
  Tns error struct:
    nr err code: 0
    ns main err code: 12545
    TNS-12545: Connect failed because target host or object does not exist
    ns secondary err code: 12560
    nt main err code: 515
    TNS-00515: Connect failed because target host or object does not exist
    nt secondary err code: 1001
    nt OS err code: 0


***********************************************************************
Fatal NI connect error 12545, connecting to:
 (DESCRIPTION=(ADDRESS=(PROTOCOL=TCP)(HOST=192.168.214)(PORT=1521))(CONNECT_DATA=(SERVER=DEDICATED)(SERVICE_NAME=ORCL)(CID=(PROGRAM=F:\Saad Bin Irshad\Project\RfReader_Demo New\RF Reader\RfReader_demo\RfReader_demo\bin\Debug\RfReader_demo.vshost.exe)(HOST=SAAD-BIN-IRSHAD)(USER=Saad))))

  VERSION INFORMATION:
	TNS for 32-bit Windows: Version 9.0.1.1.0 - Production
	Windows NT TCP/IP NT Protocol Adapter for 32-bit Windows: Version 9.0.1.1.0 - Production
  Time: 03-OCT-2019 18:53:37
  Tracing not turned on.
  Tns error struct:
    nr err code: 0
    ns main err code: 12545
    TNS-12545: Connect failed because target host or object does not exist
    ns secondary err code: 12560
    nt main err code: 515
    TNS-00515: Connect failed because target host or object does not exist
    nt secondary err code: 1001
    nt OS err code: 0


***********************************************************************
Fatal NI connect error 12545, connecting to:
 (DESCRIPTION=(ADDRESS=(PROTOCOL=TCP)(HOST=192.168.214)(PORT=1521))(CONNECT_DATA=(SERVER=DEDICATED)(SERVICE_NAME=ORCL)(CID=(PROGRAM=F:\Saad Bin Irshad\Project\RfReader_Demo New\RF Reader\RfReader_demo\RfReader_demo\bin\Debug\RfReader_demo.vshost.exe)(HOST=SAAD-BIN-IRSHAD)(USER=Saad))))

  VERSION INFORMATION:
	TNS for 32-bit Windows: Version 9.0.1.1.0 - Production
	Windows NT TCP/IP NT Protocol Adapter for 32-bit Windows: Version 9.0.1.1.0 - Production
  Time: 03-OCT-2019 18:55:59
  Tracing not turned on.
  Tns error struct:
    nr err code: 0
    ns main err code: 12545
    TNS-12545: Connect failed because target host or object does not exist
    ns secondary err code: 12560
    nt main err code: 515
    TNS-00515: Connect failed because target host or object does not exist
    nt secondary err code: 1001
    nt OS err code: 0


***********************************************************************
Fatal NI connect error 12545, connecting to:
 (DESCRIPTION=(ADDRESS=(PROTOCOL=TCP)(HOST=192.168.214)(PORT=1521))(CONNECT_DATA=(SERVER=DEDICATED)(SERVICE_NAME=ORCL)(CID=(PROGRAM=F:\Saad Bin Irshad\Project\RfReader_Demo New\RF Reader\RfReader_demo\RfReader_demo\bin\Debug\RfReader_demo.vshost.exe)(HOST=SAAD-BIN-IRSHAD)(USER=Saad))))

  VERSION INFORMATION:
	TNS for 32-bit Windows: Version 9.0.1.1.0 - Production
	Windows NT TCP/IP NT Protocol Adapter for 32-bit Windows: Version 9.0.1.1.0 - Production
  Time: 03-OCT-2019 19:02:00
  Tracing not turned on.
  Tns error struct:
    nr err code: 0
    ns main err code: 12545
    TNS-12545: Connect failed because target host or object does not exist
    ns secondary err code: 12560
    nt main err code: 515
    TNS-00515: Connect failed because target host or object does not exist
    nt secondary err code: 1001
    nt OS err code: 0


***********************************************************************
Fatal NI connect error 12545, connecting to:
 (DESCRIPTION=(ADDRESS=(PROTOCOL=TCP)(HOST=192.168.214)(PORT=1521))(CONNECT_DATA=(SERVER=DEDICATED)(SERVICE_NAME=ORCL)(CID=(PROGRAM=F:\Saad Bin Irshad\Project\RfReader_Demo New\RF Reader\RfReader_demo\RfReader_demo\bin\Debug\RfReader_demo.vshost.exe)(HOST=SAAD-BIN-IRSHAD)(USER=Saad))))

  VERSION INFORMATION:
	TNS for 32-bit Windows: Version 9.0.1.1.0 - Production
	Windows NT TCP/IP NT Protocol Adapter for 32-bit Windows: Version 9.0.1.1.0 - Production
  Time: 03-OCT-2019 19:02:06
  Tracing not turned on.
  Tns error struct:
    nr err code: 0
    ns main err code: 12545
    TNS-12545: Connect failed because target host or object does not exist
    ns secondary err code: 12560
    nt main err code: 515
    TNS-00515: Connect failed because target host or object does not exist
    nt secondary err code: 1001
    nt OS err code: 0


***********************************************************************
Fatal NI connect error 12545, connecting to:
 (DESCRIPTION=(ADDRESS=(PROTOCOL=TCP)(HOST=192.168.214)(PORT=1521))(CONNECT_DATA=(SERVER=DEDICATED)(SERVICE_NAME=ORCL)(CID=(PROGRAM=F:\Saad Bin Irshad\Project\RfReader_Demo New\RF Reader\RfReader_demo\RfReader_demo\bin\Debug\RfReader_demo.vshost.exe)(HOST=SAAD-BIN-IRSHAD)(USER=Saad))))

  VERSION INFORMATION:
	TNS for 32-bit Windows: Version 9.0.1.1.0 - Production
	Windows NT TCP/IP NT Protocol Adapter for 32-bit Windows: Version 9.0.1.1.0 - Production
  Time: 03-OCT-2019 19:02:29
  Tracing not turned on.
  Tns error struct:
    nr err code: 0
    ns main err code: 12545
    TNS-12545: Connect failed because target host or object does not exist
    ns secondary err code: 12560
    nt main err code: 515
    TNS-00515: Connect failed because target host or object does not exist
    nt secondary err code: 1001
    nt OS err code: 0


***********************************************************************
Fatal NI connect error 12545, connecting to:
 (DESCRIPTION=(ADDRESS=(PROTOCOL=TCP)(HOST=192.168.214)(PORT=1521))(CONNECT_DATA=(SERVER=DEDICATED)(SERVICE_NAME=ORCL)(CID=(PROGRAM=F:\Saad Bin Irshad\Project\RfReader_Demo New\RF Reader\RfReader_demo\RfReader_demo\bin\Debug\RfReader_demo.vshost.exe)(HOST=SAAD-BIN-IRSHAD)(USER=Saad))))

  VERSION INFORMATION:
	TNS for 32-bit Windows: Version 9.0.1.1.0 - Production
	Windows NT TCP/IP NT Protocol Adapter for 32-bit Windows: Version 9.0.1.1.0 - Production
  Time: 03-OCT-2019 19:03:25
  Tracing not turned on.
  Tns error struct:
    nr err code: 0
    ns main err code: 12545
    TNS-12545: Connect failed because target host or object does not exist
    ns secondary err code: 12560
    nt main err code: 515
    TNS-00515: Connect failed because target host or object does not exist
    nt secondary err code: 1001
    nt OS err code: 0


***********************************************************************
Fatal NI connect error 12545, connecting to:
 (DESCRIPTION=(ADDRESS=(PROTOCOL=TCP)(HOST=192.168.214)(PORT=1521))(CONNECT_DATA=(SERVER=DEDICATED)(SERVICE_NAME=ORCL)(CID=(PROGRAM=F:\Saad Bin Irshad\Project\RfReader_Demo New\RF Reader\RfReader_demo\RfReader_demo\bin\Debug\RfReader_demo.vshost.exe)(HOST=SAAD-BIN-IRSHAD)(USER=Saad))))

  VERSION INFORMATION:
	TNS for 32-bit Windows: Version 9.0.1.1.0 - Production
	Windows NT TCP/IP NT Protocol Adapter for 32-bit Windows: Version 9.0.1.1.0 - Production
  Time: 03-OCT-2019 19:04:11
  Tracing not turned on.
  Tns error struct:
    nr err code: 0
    ns main err code: 12545
    TNS-12545: Connect failed because target host or object does not exist
    ns secondary err code: 12560
    nt main err code: 515
    TNS-00515: Connect failed because target host or object does not exist
    nt secondary err code: 1001
    nt OS err code: 0


***********************************************************************
Fatal NI connect error 12545, connecting to:
 (DESCRIPTION=(ADDRESS=(PROTOCOL=TCP)(HOST=192.168.214)(PORT=1521))(CONNECT_DATA=(SERVER=DEDICATED)(SERVICE_NAME=ORCL)(CID=(PROGRAM=F:\Saad Bin Irshad\Project\RfReader_Demo New\RF Reader\RfReader_demo\RfReader_demo\bin\Debug\RfReader_demo.vshost.exe)(HOST=SAAD-BIN-IRSHAD)(USER=Saad))))

  VERSION INFORMATION:
	TNS for 32-bit Windows: Version 9.0.1.1.0 - Production
	Windows NT TCP/IP NT Protocol Adapter for 32-bit Windows: Version 9.0.1.1.0 - Production
  Time: 03-OCT-2019 19:05:46
  Tracing not turned on.
  Tns error struct:
    nr err code: 0
    ns main err code: 12545
    TNS-12545: Connect failed because target host or object does not exist
    ns secondary err code: 12560
    nt main err code: 515
    TNS-00515: Connect failed because target host or object does not exist
    nt secondary err code: 1001
    nt OS err code: 0


***********************************************************************
Fatal NI connect error 12541, connecting to:
 (DESCRIPTION=(ADDRESS=(PROTOCOL=TCP)(HOST=192.168.0.214)(PORT=5121))(CONNECT_DATA=(SERVER=DEDICATED)(SERVICE_NAME=ORCL)(CID=(PROGRAM=F:\Saad Bin Irshad\Project\RfReader_Demo New\RF Reader\RfReader_demo\RfReader_demo\bin\Debug\RfReader_demo.vshost.exe)(HOST=SAAD-BIN-IRSHAD)(USER=Saad))))

  VERSION INFORMATION:
	TNS for 32-bit Windows: Version 9.0.1.1.0 - Production
	Windows NT TCP/IP NT Protocol Adapter for 32-bit Windows: Version 9.0.1.1.0 - Production
  Time: 03-OCT-2019 20:47:11
  Tracing not turned on.
  Tns error struct:
    nr err code: 0
    ns main err code: 12541
    TNS-12541: TNS:no listener
    ns secondary err code: 12560
    nt main err code: 511
    TNS-00511: No listener
    nt secondary err code: 61
    nt OS err code: 0


***********************************************************************
Fatal NI connect error 12541, connecting to:
 (DESCRIPTION=(ADDRESS=(PROTOCOL=TCP)(HOST=192.168.0.214)(PORT=5121))(CONNECT_DATA=(SERVER=DEDICATED)(SERVICE_NAME=ORCL)(CID=(PROGRAM=F:\Saad Bin Irshad\Project\RfReader_Demo New\RF Reader\RfReader_demo\RfReader_demo\bin\Debug\RfReader_demo.vshost.exe)(HOST=SAAD-BIN-IRSHAD)(USER=Saad))))

  VERSION INFORMATION:
	TNS for 32-bit Windows: Version 9.0.1.1.0 - Production
	Windows NT TCP/IP NT Protocol Adapter for 32-bit Windows: Version 9.0.1.1.0 - Production
  Time: 03-OCT-2019 20:47:19
  Tracing not turned on.
  Tns error struct:
    nr err code: 0
    ns main err code: 12541
    TNS-12541: TNS:no listener
    ns secondary err code: 12560
    nt main err code: 511
    TNS-00511: No listener
    nt secondary err code: 61
    nt OS err code: 0


***********************************************************************
Fatal NI connect error 12545, connecting to:
 (DESCRIPTION=(ADDRESS=(PROTOCOL=TCP)(HOST=92.168..214)(PORT=1521))(CONNECT_DATA=(SERVER=DEDICATED)(SERVICE_NAME=ORCL)(CID=(PROGRAM=F:\Saad Bin Irshad\Project\RfReader_Demo New\RF Reader\RfReader_demo\RfReader_demo\bin\Debug\RfReader_demo.vshost.exe)(HOST=SAAD-BIN-IRSHAD)(USER=Saad))))

  VERSION INFORMATION:
	TNS for 32-bit Windows: Version 9.0.1.1.0 - Production
	Windows NT TCP/IP NT Protocol Adapter for 32-bit Windows: Version 9.0.1.1.0 - Production
  Time: 04-OCT-2019 14:09:55
  Tracing not turned on.
  Tns error struct:
    nr err code: 0
    ns main err code: 12545
    TNS-12545: Connect failed because target host or object does not exist
    ns secondary err code: 12560
    nt main err code: 515
    TNS-00515: Connect failed because target host or object does not exist
    nt secondary err code: 1001
    nt OS err code: 0


***********************************************************************
Fatal NI connect error 12541, connecting to:
 (DESCRIPTION=(ADDRESS=(PROTOCOL=TCP)(HOST=192.168.0.214)(PORT=1521))(CONNECT_DATA=(SERVER=DEDICATED)(SERVICE_NAME=ORCL)(CID=(PROGRAM=F:\Saad Bin Irshad\Project\RfReader_Demo New\RF Reader\RfReader_demo\RfReader_demo\bin\Debug\RfReader_demo.vshost.exe)(HOST=SAAD-BIN-IRSHAD)(USER=Saad))))

  VERSION INFORMATION:
	TNS for 32-bit Windows: Version 9.0.1.1.0 - Production
	Windows NT TCP/IP NT Protocol Adapter for 32-bit Windows: Version 9.0.1.1.0 - Production
  Time: 14-OCT-2019 13:07:53
  Tracing not turned on.
  Tns error struct:
    nr err code: 0
    ns main err code: 12541
    TNS-12541: TNS:no listener
    ns secondary err code: 12560
    nt main err code: 511
    TNS-00511: No listener
    nt secondary err code: 61
    nt OS err code: 0


***********************************************************************
Fatal NI connect error 12541, connecting to:
 (DESCRIPTION=(ADDRESS=(PROTOCOL=TCP)(HOST=192.168.0.214)(PORT=1521))(CONNECT_DATA=(SERVER=DEDICATED)(SERVICE_NAME=ORCL)(CID=(PROGRAM=F:\Saad Bin Irshad\Project\RfReader_Demo New\RF Reader\RfReader_demo\RfReader_demo\bin\Debug\RfReader_demo.vshost.exe)(HOST=SAAD-BIN-IRSHAD)(USER=Saad))))

  VERSION INFORMATION:
	TNS for 32-bit Windows: Version 9.0.1.1.0 - Production
	Windows NT TCP/IP NT Protocol Adapter for 32-bit Windows: Version 9.0.1.1.0 - Production
  Time: 14-OCT-2019 13:52:12
  Tracing not turned on.
  Tns error struct:
    nr err code: 0
    ns main err code: 12541
    TNS-12541: TNS:no listener
    ns secondary err code: 12560
    nt main err code: 511
    TNS-00511: No listener
    nt secondary err code: 61
    nt OS err code: 0


***********************************************************************
Fatal NI connect error 12541, connecting to:
 (DESCRIPTION=(ADDRESS=(PROTOCOL=TCP)(HOST=192.168.0.214)(PORT=1521))(CONNECT_DATA=(SERVER=DEDICATED)(SERVICE_NAME=ORCL)(CID=(PROGRAM=F:\Saad Bin Irshad\Project\RfReader_Demo New\RF Reader\RfReader_demo\RfReader_demo\bin\Debug\RfReader_demo.vshost.exe)(HOST=SAAD-BIN-IRSHAD)(USER=Saad))))

  VERSION INFORMATION:
	TNS for 32-bit Windows: Version 9.0.1.1.0 - Production
	Windows NT TCP/IP NT Protocol Adapter for 32-bit Windows: Version 9.0.1.1.0 - Production
  Time: 14-OCT-2019 13:53:28
  Tracing not turned on.
  Tns error struct:
    nr err code: 0
    ns main err code: 12541
    TNS-12541: TNS:no listener
    ns secondary err code: 12560
    nt main err code: 511
    TNS-00511: No listener
    nt secondary err code: 61
    nt OS err code: 0


***********************************************************************
Fatal NI connect error 12541, connecting to:
 (DESCRIPTION=(ADDRESS=(PROTOCOL=TCP)(HOST=192.168.0.214)(PORT=1521))(CONNECT_DATA=(SERVER=DEDICATED)(SERVICE_NAME=ORCL)(CID=(PROGRAM=F:\Saad Bin Irshad\Project\RfReader_Demo New\RF Reader\RfReader_demo\RfReader_demo\bin\Debug\RfReader_demo.vshost.exe)(HOST=SAAD-BIN-IRSHAD)(USER=Saad))))

  VERSION INFORMATION:
	TNS for 32-bit Windows: Version 9.0.1.1.0 - Production
	Windows NT TCP/IP NT Protocol Adapter for 32-bit Windows: Version 9.0.1.1.0 - Production
  Time: 14-OCT-2019 13:54:13
  Tracing not turned on.
  Tns error struct:
    nr err code: 0
    ns main err code: 12541
    TNS-12541: TNS:no listener
    ns secondary err code: 12560
    nt main err code: 511
    TNS-00511: No listener
    nt secondary err code: 61
    nt OS err code: 0


***********************************************************************
Fatal NI connect error 12535, connecting to:
 (DESCRIPTION=(ADDRESS=(PROTOCOL=TCP)(HOST=192.168.0.201)(PORT=1521))(CONNECT_DATA=(SERVER=DEDICATED)(SERVICE_NAME=ORCL)(CID=(PROGRAM=F:\Saad Bin Irshad\Project\RfReader_Demo New\RF Reader\RfReader_demo\RfReader_demo\bin\Debug\RfReader_demo.vshost.exe)(HOST=SAAD-BIN-IRSHAD)(USER=Saad))))

  VERSION INFORMATION:
	TNS for 32-bit Windows: Version 9.0.1.1.0 - Production
	Windows NT TCP/IP NT Protocol Adapter for 32-bit Windows: Version 9.0.1.1.0 - Production
  Time: 17-OCT-2019 18:26:40
  Tracing not turned on.
  Tns error struct:
    nr err code: 0
    ns main err code: 12535
    TNS-12535: TNS:operation timed out
    ns secondary err code: 12560
    nt main err code: 505
    TNS-00505: Operation timed out
    nt secondary err code: 60
    nt OS err code: 0


***********************************************************************
Fatal NI connect error 12543, connecting to:
 (DESCRIPTION=(ADDRESS=(PROTOCOL=TCP)(HOST=192.168.0.201)(PORT=1521))(CONNECT_DATA=(SERVER=DEDICATED)(SERVICE_NAME=ORCL)(CID=(PROGRAM=F:\Saad Bin Irshad\Project\RfReader_Demo New\RF Reader\RfReader_demo\RfReader_demo\bin\Debug\RfReader_demo.vshost.exe)(HOST=SAAD-BIN-IRSHAD)(USER=Saad))))

  VERSION INFORMATION:
	TNS for 32-bit Windows: Version 9.0.1.1.0 - Production
	Windows NT TCP/IP NT Protocol Adapter for 32-bit Windows: Version 9.0.1.1.0 - Production
  Time: 18-OCT-2019 12:55:39
  Tracing not turned on.
  Tns error struct:
    nr err code: 0
    ns main err code: 12543
    TNS-12543: TNS:destination host unreachable
    ns secondary err code: 12560
    nt main err code: 513
    TNS-00513: Destination host unreachable
    nt secondary err code: 51
    nt OS err code: 0


***********************************************************************
Fatal NI connect error 12543, connecting to:
 (DESCRIPTION=(ADDRESS=(PROTOCOL=TCP)(HOST=192.168.0.201)(PORT=1521))(CONNECT_DATA=(SERVER=DEDICATED)(SERVICE_NAME=ORCL)(CID=(PROGRAM=F:\Saad Bin Irshad\Project\RfReader_Demo New\RF Reader\RfReader_demo\RfReader_demo\bin\Debug\RfReader_demo.vshost.exe)(HOST=SAAD-BIN-IRSHAD)(USER=Saad))))

  VERSION INFORMATION:
	TNS for 32-bit Windows: Version 9.0.1.1.0 - Production
	Windows NT TCP/IP NT Protocol Adapter for 32-bit Windows: Version 9.0.1.1.0 - Production
  Time: 18-OCT-2019 12:55:47
  Tracing not turned on.
  Tns error struct:
    nr err code: 0
    ns main err code: 12543
    TNS-12543: TNS:destination host unreachable
    ns secondary err code: 12560
    nt main err code: 513
    TNS-00513: Destination host unreachable
    nt secondary err code: 51
    nt OS err code: 0


***********************************************************************
Fatal NI connect error 12543, connecting to:
 (DESCRIPTION=(ADDRESS=(PROTOCOL=TCP)(HOST=192.168.0.201)(PORT=1521))(CONNECT_DATA=(SERVER=DEDICATED)(SERVICE_NAME=ORCL)(CID=(PROGRAM=F:\Saad Bin Irshad\Project\RfReader_Demo New\RF Reader\RfReader_demo\RfReader_demo\bin\Debug\RfReader_demo.vshost.exe)(HOST=SAAD-BIN-IRSHAD)(USER=Saad))))

  VERSION INFORMATION:
	TNS for 32-bit Windows: Version 9.0.1.1.0 - Production
	Windows NT TCP/IP NT Protocol Adapter for 32-bit Windows: Version 9.0.1.1.0 - Production
  Time: 18-OCT-2019 12:56:20
  Tracing not turned on.
  Tns error struct:
    nr err code: 0
    ns main err code: 12543
    TNS-12543: TNS:destination host unreachable
    ns secondary err code: 12560
    nt main err code: 513
    TNS-00513: Destination host unreachable
    nt secondary err code: 51
    nt OS err code: 0


***********************************************************************
Fatal NI connect error 12543, connecting to:
 (DESCRIPTION=(ADDRESS=(PROTOCOL=TCP)(HOST=192.168.0.201)(PORT=1521))(CONNECT_DATA=(SERVER=DEDICATED)(SERVICE_NAME=ORCL)(CID=(PROGRAM=F:\Saad Bin Irshad\Project\RfReader_Demo New\RF Reader\RfReader_demo\RfReader_demo\bin\Debug\RfReader_demo.vshost.exe)(HOST=SAAD-BIN-IRSHAD)(USER=Saad))))

  VERSION INFORMATION:
	TNS for 32-bit Windows: Version 9.0.1.1.0 - Production
	Windows NT TCP/IP NT Protocol Adapter for 32-bit Windows: Version 9.0.1.1.0 - Production
  Time: 18-OCT-2019 12:57:32
  Tracing not turned on.
  Tns error struct:
    nr err code: 0
    ns main err code: 12543
    TNS-12543: TNS:destination host unreachable
    ns secondary err code: 12560
    nt main err code: 513
    TNS-00513: Destination host unreachable
    nt secondary err code: 51
    nt OS err code: 0


***********************************************************************
Fatal NI connect error 12560, connecting to:
 (DESCRIPTION=(ADDRESS=(PROTOCOL=TCP)(HOST=192.168.0.201)(PORT=1521))(CONNECT_DATA=(SERVER=DEDICATED)(SERVICE_NAME=ORCL)(CID=(PROGRAM=F:\Saad Bin Irshad\Project\RfReader_Demo New\RF Reader\RfReader_demo\RfReader_demo\bin\Debug\RfReader_demo.vshost.exe)(HOST=SAAD-BIN-IRSHAD)(USER=Saad))))

  VERSION INFORMATION:
	TNS for 32-bit Windows: Version 9.0.1.1.0 - Production
	Windows NT TCP/IP NT Protocol Adapter for 32-bit Windows: Version 9.0.1.1.0 - Production
  Time: 18-OCT-2019 13:21:47
  Tracing not turned on.
  Tns error struct:
    nr err code: 0
    ns main err code: 12560
    TNS-12560: TNS:protocol adapter error
    ns secondary err code: 0
    nt main err code: 538
    TNS-00538: Message 538 not found;  product=NETWORK; facility=TNS

    nt secondary err code: 65
    nt OS err code: 0
